0 info it worked if it ends with ok
1 verbose cli [ 'C:\\Program Files\\nodejs\\node.exe',
1 verbose cli   'C:\\Users\\Administrator\\AppData\\Roaming\\npm\\node_modules\\npm\\bin\\npm-cli.js',
1 verbose cli   'start' ]
2 info using npm@4.0.5
3 info using node@v6.9.2
4 verbose run-script [ 'prestart', 'start', 'poststart' ]
5 info lifecycle xun_xian_wei_shi@1.0.0~prestart: xun_xian_wei_shi@1.0.0
6 silly lifecycle xun_xian_wei_shi@1.0.0~prestart: no script for prestart, continuing
7 info lifecycle xun_xian_wei_shi@1.0.0~start: xun_xian_wei_shi@1.0.0
8 verbose lifecycle xun_xian_wei_shi@1.0.0~start: unsafe-perm in lifecycle true
9 verbose lifecycle xun_xian_wei_shi@1.0.0~start: PATH: C:\Users\Administrator\AppData\Roaming\npm\node_modules\npm\bin\node-gyp-bin;E:\xunXianWeb\node_modules\.bin;%APPCAN_PATH%;C:\Ruby23-x64\bin;%APPCAN_PATH%;C:\Windows\system32;C:\Windows;C:\Windows\System32\Wbem;C:\Windows\System32\WindowsPowerShell\v1.0\;C:\Program Files\Git\cmd;C:\Program Files\nodejs\;C:\Program Files\TortoiseSVN\bin;C:\Program Files (x86)\Microsoft VS Code\bin;C:\Users\Administrator\AppData\Roaming\npm
10 verbose lifecycle xun_xian_wei_shi@1.0.0~start: CWD: E:\xunXianWeb
11 silly lifecycle xun_xian_wei_shi@1.0.0~start: Args: [ '/d /s /c',
11 silly lifecycle   ' gulp sass && concurrently  "lite-server" "gulp sass:watch" ' ]
12 silly lifecycle xun_xian_wei_shi@1.0.0~start: Returned: code: 3221225786  signal: null
13 info lifecycle xun_xian_wei_shi@1.0.0~start: Failed to exec start script
14 verbose stack Error: xun_xian_wei_shi@1.0.0 start: ` gulp sass && concurrently  "lite-server" "gulp sass:watch" `
14 verbose stack Exit status 3221225786
14 verbose stack     at EventEmitter.<anonymous> (C:\Users\Administrator\AppData\Roaming\npm\node_modules\npm\lib\utils\lifecycle.js:279:16)
14 verbose stack     at emitTwo (events.js:106:13)
14 verbose stack     at EventEmitter.emit (events.js:191:7)
14 verbose stack     at ChildProcess.<anonymous> (C:\Users\Administrator\AppData\Roaming\npm\node_modules\npm\lib\utils\spawn.js:40:14)
14 verbose stack     at emitTwo (events.js:106:13)
14 verbose stack     at ChildProcess.emit (events.js:191:7)
14 verbose stack     at maybeClose (internal/child_process.js:877:16)
14 verbose stack     at Process.ChildProcess._handle.onexit (internal/child_process.js:226:5)
15 verbose pkgid xun_xian_wei_shi@1.0.0
16 verbose cwd E:\xunXianWeb
17 error Windows_NT 6.1.7601
18 error argv "C:\\Program Files\\nodejs\\node.exe" "C:\\Users\\Administrator\\AppData\\Roaming\\npm\\node_modules\\npm\\bin\\npm-cli.js" "start"
19 error node v6.9.2
20 error npm  v4.0.5
21 error code ELIFECYCLE
22 error xun_xian_wei_shi@1.0.0 start: ` gulp sass && concurrently  "lite-server" "gulp sass:watch" `
22 error Exit status 3221225786
23 error Failed at the xun_xian_wei_shi@1.0.0 start script ' gulp sass && concurrently  "lite-server" "gulp sass:watch" '.
23 error Make sure you have the latest version of node.js and npm installed.
23 error If you do, this is most likely a problem with the xun_xian_wei_shi package,
23 error not with npm itself.
23 error Tell the author that this fails on your system:
23 error      gulp sass && concurrently  "lite-server" "gulp sass:watch"
23 error You can get information on how to open an issue for this project with:
23 error     npm bugs xun_xian_wei_shi
23 error Or if that isn't available, you can get their info via:
23 error     npm owner ls xun_xian_wei_shi
23 error There is likely additional logging output above.
24 verbose exit [ 1, true ]
